0 info it worked if it ends with ok
1 verbose cli [ 'C:\\Program Files\\nodejs\\node.exe',
1 verbose cli   'C:\\Program Files\\nodejs\\node_modules\\npm\\bin\\npm-cli.js',
1 verbose cli   'run',
1 verbose cli   'build-extension',
1 verbose cli   '--scripts-prepend-node-path=auto' ]
2 info using npm@3.10.10
3 info using node@v6.11.2
4 verbose run-script [ 'prebuild-extension',
4 verbose run-script   'build-extension',
4 verbose run-script   'postbuild-extension' ]
5 info lifecycle moon@0.0.1~prebuild-extension: moon@0.0.1
6 silly lifecycle moon@0.0.1~prebuild-extension: no script for prebuild-extension, continuing
7 info lifecycle moon@0.0.1~build-extension: moon@0.0.1
8 verbose lifecycle moon@0.0.1~build-extension: unsafe-perm in lifecycle true
9 verbose lifecycle moon@0.0.1~build-extension: PATH: C:\Users\nelgu\AppData\Roaming\nvm\v6.11.2\node_modules\npm\bin\node-gyp-bin;C:\Users\nelgu\Desktop\moon\node_modules\.bin;C:\Program Files (x86)\Common Files\Oracle\Java\javapath;C:\ProgramData\Oracle\Java\javapath;C:\Program Files (x86)\Common Files\Intel\Shared Libraries\redist\intel64\compiler;C:\Program Files (x86)\NVIDIA Corporation\PhysX\Common;C:\WINDOWS\system32;C:\WINDOWS;C:\WINDOWS\System32\Wbem;C:\WINDOWS\System32\WindowsPowerShell\v1.0\;C:\Program Files\Git\cmd;C:\Program Files (x86)\QuickTime\QTSystem\;C:\Program Files\dotnet\;C:\WINDOWS\System32\OpenSSH\;C:\Users\nelgu\AppData\Roaming\nvm;C:\Program Files\nodejs;C:\Users\nelgu\AppData\Local\Microsoft\WindowsApps;C:\Users\nelgu\AppData\Local\atom\bin;C:\Users\nelgu\AppData\Local\Microsoft\WindowsApps;C:\Users\nelgu\AppData\Roaming\npm;C:\Users\nelgu\AppData\Roaming\nvm;C:\Program Files\nodejs
10 verbose lifecycle moon@0.0.1~build-extension: CWD: C:\Users\nelgu\Desktop\moon
11 silly lifecycle moon@0.0.1~build-extension: Args: [ '/d /s /c', 'cd browser-extension && npm run build' ]
12 silly lifecycle moon@0.0.1~build-extension: Returned: code: 1  signal: null
13 info lifecycle moon@0.0.1~build-extension: Failed to exec build-extension script
14 verbose stack Error: moon@0.0.1 build-extension: `cd browser-extension && npm run build`
14 verbose stack Exit status 1
14 verbose stack     at EventEmitter.<anonymous> (C:\Users\nelgu\AppData\Roaming\nvm\v6.11.2\node_modules\npm\lib\utils\lifecycle.js:255:16)
14 verbose stack     at emitTwo (events.js:106:13)
14 verbose stack     at EventEmitter.emit (events.js:191:7)
14 verbose stack     at ChildProcess.<anonymous> (C:\Users\nelgu\AppData\Roaming\nvm\v6.11.2\node_modules\npm\lib\utils\spawn.js:40:14)
14 verbose stack     at emitTwo (events.js:106:13)
14 verbose stack     at ChildProcess.emit (events.js:191:7)
14 verbose stack     at maybeClose (internal/child_process.js:891:16)
14 verbose stack     at Process.ChildProcess._handle.onexit (internal/child_process.js:226:5)
15 verbose pkgid moon@0.0.1
16 verbose cwd C:\Users\nelgu\Desktop\moon
17 error Windows_NT 10.0.17134
18 error argv "C:\\Program Files\\nodejs\\node.exe" "C:\\Program Files\\nodejs\\node_modules\\npm\\bin\\npm-cli.js" "run" "build-extension" "--scripts-prepend-node-path=auto"
19 error node v6.11.2
20 error npm  v3.10.10
21 error code ELIFECYCLE
22 error moon@0.0.1 build-extension: `cd browser-extension && npm run build`
22 error Exit status 1
23 error Failed at the moon@0.0.1 build-extension script 'cd browser-extension && npm run build'.
23 error Make sure you have the latest version of node.js and npm installed.
23 error If you do, this is most likely a problem with the moon package,
23 error not with npm itself.
23 error Tell the author that this fails on your system:
23 error     cd browser-extension && npm run build
23 error You can get information on how to open an issue for this project with:
23 error     npm bugs moon
23 error Or if that isn't available, you can get their info via:
23 error     npm owner ls moon
23 error There is likely additional logging output above.
24 verbose exit [ 1, true ]
